Using pre-set license
Built from '2022.3/staging' branch; Version is '2022.3.4f1 (35713cd46cd7) revision 3502396'; Using compiler version '192829333'; Build Type 'Release'
OS: 'Windows 11  (10.0.22621) 64bit Core' Language: 'en' Physical Memory: 32681 MB
BatchMode: 1, IsHumanControllingUs: 0, StartBugReporterOnCrash: 0, Is64bit: 1, IsPro: 1

COMMAND LINE ARGUMENTS:
C:\Program Files\Unity\Hub\Editor\2022.3.4f1\Editor\Unity.exe
-adb2
-batchMode
-noUpm
-name
AssetImportWorker0
-projectPath
C:/Users/elona/Documents/GitHub/FreezyFall/Fall
-logFile
Logs/AssetImportWorker0.log
-srvPort
58571
Successfully changed project path to: C:/Users/elona/Documents/GitHub/FreezyFall/Fall
C:/Users/elona/Documents/GitHub/FreezyFall/Fall
[UnityMemory] Configuration Parameters - Can be set up in boot.config
    "memorysetup-bucket-allocator-granularity=16"
    "memorysetup-bucket-allocator-bucket-count=8"
    "memorysetup-bucket-allocator-block-size=33554432"
    "memorysetup-bucket-allocator-block-count=8"
    "memorysetup-main-allocator-block-size=16777216"
    "memorysetup-thread-allocator-block-size=16777216"
    "memorysetup-gfx-main-allocator-block-size=16777216"
    "memorysetup-gfx-thread-allocator-block-size=16777216"
    "memorysetup-cache-allocator-block-size=4194304"
    "memorysetup-typetree-allocator-block-size=2097152"
    "memorysetup-profiler-bucket-allocator-granularity=16"
    "memorysetup-profiler-bucket-allocator-bucket-count=8"
    "memorysetup-profiler-bucket-allocator-block-size=33554432"
    "memorysetup-profiler-bucket-allocator-block-count=8"
    "memorysetup-profiler-allocator-block-size=16777216"
    "memorysetup-profiler-editor-allocator-block-size=1048576"
    "memorysetup-temp-allocator-size-main=16777216"
    "memorysetup-job-temp-allocator-block-size=2097152"
    "memorysetup-job-temp-allocator-block-size-background=1048576"
    "memorysetup-job-temp-allocator-reduction-small-platforms=262144"
    "memorysetup-allocator-temp-initial-block-size-main=262144"
    "memorysetup-allocator-temp-initial-block-size-worker=262144"
    "memorysetup-temp-allocator-size-background-worker=32768"
    "memorysetup-temp-allocator-size-job-worker=262144"
    "memorysetup-temp-allocator-size-preload-manager=33554432"
    "memorysetup-temp-allocator-size-nav-mesh-worker=65536"
    "memorysetup-temp-allocator-size-audio-worker=65536"
    "memorysetup-temp-allocator-size-cloud-worker=32768"
    "memorysetup-temp-allocator-size-gi-baking-worker=262144"
    "memorysetup-temp-allocator-size-gfx=262144"
Player connection [14508] Host "[IP] 192.168.0.71 [Port] 0 [Flags] 2 [Guid] 3609491015 [EditorId] 3609491015 [Version] 1048832 [Id] WindowsEditor(7,DESKTOP-CMJPUKR) [Debug] 1 [PackageName] WindowsEditor [ProjectName] Editor" joined multi-casting on [225.0.0.222:54997]...

Player connection [14508] Host "[IP] 192.168.0.71 [Port] 0 [Flags] 2 [Guid] 3609491015 [EditorId] 3609491015 [Version] 1048832 [Id] WindowsEditor(7,DESKTOP-CMJPUKR) [Debug] 1 [PackageName] WindowsEditor [ProjectName] Editor" joined alternative multi-casting on [225.0.0.222:34997]...

Refreshing native plugins compatible for Editor in 14.08 ms, found 3 plugins.
Preloading 0 native plugins for Editor in 0.00 ms.
Initialize engine version: 2022.3.4f1 (35713cd46cd7)
[Subsystems] Discovering subsystems at path C:/Program Files/Unity/Hub/Editor/2022.3.4f1/Editor/Data/Resources/UnitySubsystems
[Subsystems] Discovering subsystems at path C:/Users/elona/Documents/GitHub/FreezyFall/Fall/Assets
GfxDevice: creating device client; threaded=0; jobified=0
Direct3D:
    Version:  Direct3D 11.0 [level 11.1]
    Renderer: AMD Radeon RX 6900 XT (ID=0x73af)
    Vendor:   ATI
    VRAM:     16338 MB
    Driver:   31.0.12027.9001
Initialize mono
Mono path[0] = 'C:/Program Files/Unity/Hub/Editor/2022.3.4f1/Editor/Data/Managed'
Mono path[1] = 'C:/Program Files/Unity/Hub/Editor/2022.3.4f1/Editor/Data/MonoBleedingEdge/lib/mono/unityjit-win32'
Mono config path = 'C:/Program Files/Unity/Hub/Editor/2022.3.4f1/Editor/Data/MonoBleedingEdge/etc'
Using monoOptions --debugger-agent=transport=dt_socket,embedding=1,server=y,suspend=n,address=127.0.0.1:56032
Begin MonoManager ReloadAssembly
Registering precompiled unity dll's ...
Register platform support module: C:/Program Files/Unity/Hub/Editor/2022.3.4f1/Editor/Data/PlaybackEngines/AndroidPlayer/UnityEditor.Android.Extensions.dll
Register platform support module: C:/Program Files/Unity/Hub/Editor/2022.3.4f1/Editor/Data/PlaybackEngines/iOSSupport/UnityEditor.iOS.Extensions.dll
Register platform support module: C:/Program Files/Unity/Hub/Editor/2022.3.4f1/Editor/Data/PlaybackEngines/WindowsStandaloneSupport/UnityEditor.WindowsStandalone.Extensions.dll
Registered in 0.006590 seconds.
- Loaded All Assemblies, in  0.260 seconds
Native extension for WindowsStandalone target not found
[usbmuxd] Start listen thread
[usbmuxd] Listen thread started
Native extension for iOS target not found
Native extension for Android target not found
Android Extension - Scanning For ADB Devices 218 ms
Mono: successfully reloaded assembly
- Finished resetting the current domain, in  0.470 seconds
Domain Reload Profiling: 730ms
	BeginReloadAssembly (61ms)
		ExecutionOrderSort (0ms)
		DisableScriptedObjects (0ms)
		BackupInstance (0ms)
		ReleaseScriptingObjects (0ms)
		CreateAndSetChildDomain (1ms)
	RebuildCommonClasses (26ms)
	RebuildNativeTypeToScriptingClass (8ms)
	initialDomainReloadingComplete (45ms)
	LoadAllAssembliesAndSetupDomain (120ms)
		LoadAssemblies (60ms)
		RebuildTransferFunctionScriptingTraits (0ms)
		AnalyzeDomain (115ms)
			TypeCache.Refresh (114ms)
				TypeCache.ScanAssembly (106ms)
			ScanForSourceGeneratedMonoScriptInfo (0ms)
			ResolveRequiredComponents (0ms)
	FinalizeReload (471ms)
		ReleaseScriptCaches (0ms)
		RebuildScriptCaches (0ms)
		SetupLoadedEditorAssemblies (427ms)
			LogAssemblyErrors (0ms)
			InitializePlatformSupportModulesInManaged (321ms)
			SetLoadedEditorAssemblies (2ms)
			RefreshPlugins (0ms)
			BeforeProcessingInitializeOnLoad (1ms)
			ProcessInitializeOnLoadAttributes (69ms)
			ProcessInitializeOnLoadMethodAttributes (33ms)
			AfterProcessingInitializeOnLoad (0ms)
			EditorAssembliesLoaded (0ms)
		ExecutionOrderSort2 (0ms)
		AwakeInstancesAfterBackupRestoration (0ms)
========================================================================
Worker process is ready to serve import requests
Begin MonoManager ReloadAssembly
Symbol file LoadedFromMemory is not a mono symbol file
- Loaded All Assemblies, in  0.585 seconds
Refreshing native plugins compatible for Editor in 10.40 ms, found 3 plugins.
Native extension for WindowsStandalone target not found
Native extension for iOS target not found
Native extension for Android target not found
Mono: successfully reloaded assembly
- Finished resetting the current domain, in  0.569 seconds
Domain Reload Profiling: 1151ms
	BeginReloadAssembly (99ms)
		ExecutionOrderSort (0ms)
		DisableScriptedObjects (5ms)
		BackupInstance (0ms)
		ReleaseScriptingObjects (0ms)
		CreateAndSetChildDomain (21ms)
	RebuildCommonClasses (25ms)
	RebuildNativeTypeToScriptingClass (8ms)
	initialDomainReloadingComplete (37ms)
	LoadAllAssembliesAndSetupDomain (413ms)
		LoadAssemblies (213ms)
		RebuildTransferFunctionScriptingTraits (0ms)
		AnalyzeDomain (241ms)
			TypeCache.Refresh (214ms)
				TypeCache.ScanAssembly (199ms)
			ScanForSourceGeneratedMonoScriptInfo (21ms)
			ResolveRequiredComponents (7ms)
	FinalizeReload (569ms)
		ReleaseScriptCaches (0ms)
		RebuildScriptCaches (0ms)
		SetupLoadedEditorAssemblies (419ms)
			LogAssemblyErrors (0ms)
			InitializePlatformSupportModulesInManaged (24ms)
			SetLoadedEditorAssemblies (3ms)
			RefreshPlugins (0ms)
			BeforeProcessingInitializeOnLoad (63ms)
			ProcessInitializeOnLoadAttributes (187ms)
			ProcessInitializeOnLoadMethodAttributes (136ms)
			AfterProcessingInitializeOnLoad (6ms)
			EditorAssembliesLoaded (0ms)
		ExecutionOrderSort2 (0ms)
		AwakeInstancesAfterBackupRestoration (5ms)
Launched and connected shader compiler UnityShaderCompiler.exe after 0.04 seconds
Refreshing native plugins compatible for Editor in 17.60 ms, found 3 plugins.
Preloading 0 native plugins for Editor in 0.00 ms.
Unloading 5093 Unused Serialized files (Serialized files now loaded: 0)
Unloading 112 unused Assets / (243.4 KB). Loaded Objects now: 5535.
Memory consumption went from 221.3 MB to 221.1 MB.
Total: 7.923100 ms (FindLiveObjects: 0.448000 ms CreateObjectMapping: 0.373500 ms MarkObjects: 6.862500 ms  DeleteObjects: 0.237700 ms)

AssetImportParameters requested are different than current active one (requested -> active):
  custom:container-demuxer-ogg: 62fdf1f143b41e24485cea50d1cbac27 -> 
  custom:video-decoder-ogg-theora: a1e56fd34408186e4bbccfd4996cb3dc -> 
  custom:framework-win-MediaFoundation: 216162199b28c13a410421893ffa2e32 -> 
  custom:CustomObjectIndexerAttribute: d54d2f2da18e7612c182cf67624b6b12 -> 
  custom:container-demuxer-webm: 4f35f7cbe854078d1ac9338744f61a02 -> 
  custom:container-muxer-webm: aa71ff27fc2769a1b78a27578f13a17b -> 
  custom:video-decoder-webm-vp8: 9c59270c3fd7afecdb556c50c9e8de78 -> 
  custom:AudioImporter_EditorPlatform: d09bf68614088b80899f8185d706f6e7 -> 
  custom:video-encoder-webm-vp8: eb34c28f22e8b96e1ab97ce403110664 -> 
  custom:audio-decoder-ogg-vorbis: bf7c407c2cedff20999df2af8eb42d56 -> 
  custom:audio-encoder-webm-vorbis: bf7c407c2cedff20999df2af8eb42d56 -> 
========================================================================
Received Import Request.
  Time since last request: 1170942.274047 seconds.
  path: Assets/Scenes/MainScene.unity
  artifactKey: Guid(2cda990e2423bbf4892e6590ba056729) Importer(815301076,1909f56bfc062723c751e8b465ee728b)
Start importing Assets/Scenes/MainScene.unity using Guid(2cda990e2423bbf4892e6590ba056729) Importer(815301076,1909f56bfc062723c751e8b465ee728b)  -> (artifact id: '1e0ea80c81b4547acddb6aafa190a86f') in 0.001728 seconds
Number of updated asset objects reloaded before import = 0
Number of asset objects unloaded after import = 0
========================================================================
Received Import Request.
  Time since last request: 155.903718 seconds.
  path: Assets/Prefabs/Platforms/Normal/arrow.PNG
  artifactKey: Guid(17b205e724221ae41b161fca5e1b01de) Importer(815301076,1909f56bfc062723c751e8b465ee728b)
Start importing Assets/Prefabs/Platforms/Normal/arrow.PNG using Guid(17b205e724221ae41b161fca5e1b01de) Importer(815301076,1909f56bfc062723c751e8b465ee728b)  -> (artifact id: 'f237b94df210b2e27f5ff25e139613e5') in 0.002675 seconds
Number of updated asset objects reloaded before import = 0
Number of asset objects unloaded after import = 2
========================================================================
Received Import Request.
  Time since last request: 0.005620 seconds.
  path: Assets/Prefabs/Platforms/Normal/N2Platform.prefab
  artifactKey: Guid(8838b4a5829fdc64b97d8c04bfac7249) Importer(815301076,1909f56bfc062723c751e8b465ee728b)
Start importing Assets/Prefabs/Platforms/Normal/N2Platform.prefab using Guid(8838b4a5829fdc64b97d8c04bfac7249) Importer(815301076,1909f56bfc062723c751e8b465ee728b)  -> (artifact id: '0fef3d2664e0e46c1544b6790258f419') in 0.017973 seconds
Number of updated asset objects reloaded before import = 0
Number of asset objects unloaded after import = 16
========================================================================
Received Import Request.
  Time since last request: 0.000011 seconds.
  path: Assets/Prefabs/Platforms/Normal/N2Platform Breakable.prefab
  artifactKey: Guid(981d7d9c3cb06324a94b4b56f92a411f) Importer(815301076,1909f56bfc062723c751e8b465ee728b)
Start importing Assets/Prefabs/Platforms/Normal/N2Platform Breakable.prefab using Guid(981d7d9c3cb06324a94b4b56f92a411f) Importer(815301076,1909f56bfc062723c751e8b465ee728b)  -> (artifact id: '04f071e224956ddf12e10ce6c8564944') in 0.013715 seconds
Number of updated asset objects reloaded before import = 0
Number of asset objects unloaded after import = 19
========================================================================
Received Import Request.
  Time since last request: 0.000013 seconds.
  path: Assets/Prefabs/Platforms/Normal/N2Platform(Monster).prefab
  artifactKey: Guid(b8c58620ee767fb49be1d454b0ac8c94) Importer(815301076,1909f56bfc062723c751e8b465ee728b)
Start importing Assets/Prefabs/Platforms/Normal/N2Platform(Monster).prefab using Guid(b8c58620ee767fb49be1d454b0ac8c94) Importer(815301076,1909f56bfc062723c751e8b465ee728b)  -> (artifact id: '44e9e6ef94042d9fd8870de866603210') in 0.105282 seconds
Number of updated asset objects reloaded before import = 0
Number of asset objects unloaded after import = 222
========================================================================
Received Import Request.
  Time since last request: 24.789894 seconds.
  path: Assets/Prefabs/Power-Ups/New Shield.prefab
  artifactKey: Guid(a2efc864d824af045be9ba1069fd1300) Importer(815301076,1909f56bfc062723c751e8b465ee728b)
Start importing Assets/Prefabs/Power-Ups/New Shield.prefab using Guid(a2efc864d824af045be9ba1069fd1300) Importer(815301076,1909f56bfc062723c751e8b465ee728b)  -> (artifact id: '53ffddf4606d11f7d473f7f17630a59c') in 0.007057 seconds
Number of updated asset objects reloaded before import = 0
Number of asset objects unloaded after import = 7
========================================================================
Received Import Request.
  Time since last request: 0.001740 seconds.
  path: Assets/Prefabs/Power-Ups/Slow-Mo.prefab
  artifactKey: Guid(9b39eb8b8e3be7845b60788cec3ad364) Importer(815301076,1909f56bfc062723c751e8b465ee728b)
Start importing Assets/Prefabs/Power-Ups/Slow-Mo.prefab using Guid(9b39eb8b8e3be7845b60788cec3ad364) Importer(815301076,1909f56bfc062723c751e8b465ee728b)  -> (artifact id: '3cc35227a2ed71723e70a28b7b1ea980') in 0.002287 seconds
Number of updated asset objects reloaded before import = 0
Number of asset objects unloaded after import = 17
========================================================================
Received Import Request.
  Time since last request: 65.789568 seconds.
  path: Assets/Resources/(ICO) AudioOff.png
  artifactKey: Guid(44e3e65442fb9d44ebcd5915241115db) Importer(815301076,1909f56bfc062723c751e8b465ee728b)
Start importing Assets/Resources/(ICO) AudioOff.png using Guid(44e3e65442fb9d44ebcd5915241115db) Importer(815301076,1909f56bfc062723c751e8b465ee728b)  -> (artifact id: 'a1feff408f6c276e550b1d3e86359d22') in 0.001179 seconds
Number of updated asset objects reloaded before import = 0
Number of asset objects unloaded after import = 2
========================================================================
Received Import Request.
  Time since last request: 0.001933 seconds.
  path: Assets/Resources/(ICO) HomeButton 2.png
  artifactKey: Guid(e267bc665884a454985bd524a4028ca5) Importer(815301076,1909f56bfc062723c751e8b465ee728b)
Start importing Assets/Resources/(ICO) HomeButton 2.png using Guid(e267bc665884a454985bd524a4028ca5) Importer(815301076,1909f56bfc062723c751e8b465ee728b)  -> (artifact id: '58b7222ff6f21aee05bc2eedf6d8db1d') in 0.000875 seconds
Number of updated asset objects reloaded before import = 0
Number of asset objects unloaded after import = 2
========================================================================
Received Import Request.
  Time since last request: 0.001301 seconds.
  path: Assets/Resources/(ICO) Power.png
  artifactKey: Guid(8407922a1b93ef547871c9e07a94bd81) Importer(815301076,1909f56bfc062723c751e8b465ee728b)
Start importing Assets/Resources/(ICO) Power.png using Guid(8407922a1b93ef547871c9e07a94bd81) Importer(815301076,1909f56bfc062723c751e8b465ee728b)  -> (artifact id: '8f000611c11ddeb0a7baf3b7637671b5') in 0.000935 seconds
Number of updated asset objects reloaded before import = 0
Number of asset objects unloaded after import = 2
========================================================================
Received Import Request.
  Time since last request: 0.000680 seconds.
  path: Assets/Resources/(ICO) Shop.png
  artifactKey: Guid(e69512d098fcf4e4cad1772394c73fcf) Importer(815301076,1909f56bfc062723c751e8b465ee728b)
Start importing Assets/Resources/(ICO) Shop.png using Guid(e69512d098fcf4e4cad1772394c73fcf) Importer(815301076,1909f56bfc062723c751e8b465ee728b)  -> (artifact id: '9e927c59ad5e550a400295fdd9029517') in 0.000859 seconds
Number of updated asset objects reloaded before import = 0
Number of asset objects unloaded after import = 2
========================================================================
Received Import Request.
  Time since last request: 0.000797 seconds.
  path: Assets/Resources/(ICO)Pause.png
  artifactKey: Guid(bf26f26bffdf9f64597673881f1067c4) Importer(815301076,1909f56bfc062723c751e8b465ee728b)
Start importing Assets/Resources/(ICO)Pause.png using Guid(bf26f26bffdf9f64597673881f1067c4) Importer(815301076,1909f56bfc062723c751e8b465ee728b)  -> (artifact id: 'd6692473ac5366859b6a489fa6f1b748') in 0.001085 seconds
Number of updated asset objects reloaded before import = 0
Number of asset objects unloaded after import = 2
========================================================================
Received Import Request.
  Time since last request: 0.000010 seconds.
  path: Assets/Resources/Angry2.png
  artifactKey: Guid(4d22b650bf6b1e946a0673e8b0c17154) Importer(815301076,1909f56bfc062723c751e8b465ee728b)
Start importing Assets/Resources/Angry2.png using Guid(4d22b650bf6b1e946a0673e8b0c17154) Importer(815301076,1909f56bfc062723c751e8b465ee728b)  -> (artifact id: '318262ef0cc4e31b6eab86b065d9767e') in 0.000887 seconds
Number of updated asset objects reloaded before import = 0
Number of asset objects unloaded after import = 2
========================================================================
Received Import Request.
  Time since last request: 0.000009 seconds.
  path: Assets/Resources/Anime! Falling.png
  artifactKey: Guid(e7e9559a2def7b64bb5b36808de4d66a) Importer(815301076,1909f56bfc062723c751e8b465ee728b)
Start importing Assets/Resources/Anime! Falling.png using Guid(e7e9559a2def7b64bb5b36808de4d66a) Importer(815301076,1909f56bfc062723c751e8b465ee728b)  -> (artifact id: '84b6f3e5aa45e6d6dc7bd2f8d7e5d762') in 0.000795 seconds
Number of updated asset objects reloaded before import = 0
Number of asset objects unloaded after import = 2
========================================================================
Received Import Request.
  Time since last request: 0.000008 seconds.
  path: Assets/Resources/Anime!.png
  artifactKey: Guid(1b5d145c8a28eca47be1295230761aac) Importer(815301076,1909f56bfc062723c751e8b465ee728b)
Start importing Assets/Resources/Anime!.png using Guid(1b5d145c8a28eca47be1295230761aac) Importer(815301076,1909f56bfc062723c751e8b465ee728b)  -> (artifact id: 'bd8161563e95972432b6082b41c15c73') in 0.001458 seconds
Number of updated asset objects reloaded before import = 0
Number of asset objects unloaded after import = 2
========================================================================
Received Import Request.
  Time since last request: 0.002368 seconds.
  path: Assets/Resources/BlindCube2.png
  artifactKey: Guid(d3ce0719cc16a224b90b00bee85c06c7) Importer(815301076,1909f56bfc062723c751e8b465ee728b)
Start importing Assets/Resources/BlindCube2.png using Guid(d3ce0719cc16a224b90b00bee85c06c7) Importer(815301076,1909f56bfc062723c751e8b465ee728b)  -> (artifact id: '7c397025ab110a61843b605387f951c0') in 0.000958 seconds
Number of updated asset objects reloaded before import = 0
Number of asset objects unloaded after import = 2
========================================================================
Received Import Request.
  Time since last request: 0.002989 seconds.
  path: Assets/Resources/Bowling.png
  artifactKey: Guid(8e6ee4b88ae8035499d8187932d4c04b) Importer(815301076,1909f56bfc062723c751e8b465ee728b)
Start importing Assets/Resources/Bowling.png using Guid(8e6ee4b88ae8035499d8187932d4c04b) Importer(815301076,1909f56bfc062723c751e8b465ee728b)  -> (artifact id: 'a4a97fa6874c4394b9edb1d6f6799c04') in 0.001529 seconds
Number of updated asset objects reloaded before import = 0
Number of asset objects unloaded after import = 2
========================================================================
Received Import Request.
  Time since last request: 0.003714 seconds.
  path: Assets/Resources/BowlingSmall.png
  artifactKey: Guid(a71862b5add111d48af2ffd68ae73f78) Importer(815301076,1909f56bfc062723c751e8b465ee728b)
Start importing Assets/Resources/BowlingSmall.png using Guid(a71862b5add111d48af2ffd68ae73f78) Importer(815301076,1909f56bfc062723c751e8b465ee728b)  -> (artifact id: '21dd3fb19c3048f54451e5114f9de4c1') in 0.000866 seconds
Number of updated asset objects reloaded before import = 0
Number of asset objects unloaded after import = 2
========================================================================
Received Import Request.
  Time since last request: 0.000008 seconds.
  path: Assets/Resources/BuyButton.png
  artifactKey: Guid(710889e6c348c1b4895a70d0db4310c4) Importer(815301076,1909f56bfc062723c751e8b465ee728b)
Start importing Assets/Resources/BuyButton.png using Guid(710889e6c348c1b4895a70d0db4310c4) Importer(815301076,1909f56bfc062723c751e8b465ee728b)  -> (artifact id: '3016dffc37a47d69d072660d68b43b94') in 0.000764 seconds
Number of updated asset objects reloaded before import = 0
Number of asset objects unloaded after import = 2
========================================================================
Received Import Request.
  Time since last request: 0.000008 seconds.
  path: Assets/Resources/Capture.PNG
  artifactKey: Guid(1fa075e5ab6a96343b0b2d2a0d33254e) Importer(815301076,1909f56bfc062723c751e8b465ee728b)
Start importing Assets/Resources/Capture.PNG using Guid(1fa075e5ab6a96343b0b2d2a0d33254e) Importer(815301076,1909f56bfc062723c751e8b465ee728b)  -> (artifact id: 'dc21133a4f938a3a5fc748a665ef95b7') in 0.001576 seconds
Number of updated asset objects reloaded before import = 0
Number of asset objects unloaded after import = 2
========================================================================
Received Import Request.
  Time since last request: 0.000017 seconds.
  path: Assets/Resources/Cat lol.png
  artifactKey: Guid(e49377e7e7a59324e9553529da0d36dd) Importer(815301076,1909f56bfc062723c751e8b465ee728b)
Start importing Assets/Resources/Cat lol.png using Guid(e49377e7e7a59324e9553529da0d36dd) Importer(815301076,1909f56bfc062723c751e8b465ee728b)  -> (artifact id: '856e71ebc7a920f673e0847c90d92dea') in 0.001815 seconds
Number of updated asset objects reloaded before import = 0
Number of asset objects unloaded after import = 2
========================================================================
Received Import Request.
  Time since last request: 2.034332 seconds.
  path: Assets/Resources/FF New Assets/BackgroundAssets/AdsAndCoinsButton.png
  artifactKey: Guid(4d9e4c3e430691f4eac2c9248f027386) Importer(815301076,1909f56bfc062723c751e8b465ee728b)
Start importing Assets/Resources/FF New Assets/BackgroundAssets/AdsAndCoinsButton.png using Guid(4d9e4c3e430691f4eac2c9248f027386) Importer(815301076,1909f56bfc062723c751e8b465ee728b)  -> (artifact id: '7ee50668bc8d8acc3e45135dd554e106') in 0.011389 seconds
Number of updated asset objects reloaded before import = 0
Number of asset objects unloaded after import = 2
========================================================================
Received Import Request.
  Time since last request: 0.000014 seconds.
  path: Assets/Resources/FF New Assets/BackgroundAssets/BuyButton.png
  artifactKey: Guid(59ec0aeff023ecf488519329e3fa3ab0) Importer(815301076,1909f56bfc062723c751e8b465ee728b)
Start importing Assets/Resources/FF New Assets/BackgroundAssets/BuyButton.png using Guid(59ec0aeff023ecf488519329e3fa3ab0) Importer(815301076,1909f56bfc062723c751e8b465ee728b)  -> (artifact id: '9da2be3061c533e85eb40c001c019dcf') in 0.006224 seconds
Number of updated asset objects reloaded before import = 0
Number of asset objects unloaded after import = 2
========================================================================
Received Import Request.
  Time since last request: 0.000178 seconds.
  path: Assets/Resources/FF New Assets/BackgroundAssets/Coin.png
  artifactKey: Guid(8dd789a922fd92c49a54048ca6339b4d) Importer(815301076,1909f56bfc062723c751e8b465ee728b)
Start importing Assets/Resources/FF New Assets/BackgroundAssets/Coin.png using Guid(8dd789a922fd92c49a54048ca6339b4d) Importer(815301076,1909f56bfc062723c751e8b465ee728b)  -> (artifact id: '547b61967e98ee883f2cdbcd051ca417') in 0.001140 seconds
Number of updated asset objects reloaded before import = 0
Number of asset objects unloaded after import = 2
========================================================================
Received Import Request.
  Time since last request: 0.000012 seconds.
  path: Assets/Resources/FF New Assets/BackgroundAssets/CoinsBuy.png
  artifactKey: Guid(39b163382d4bedc498ac66d64ce4a5a3) Importer(815301076,1909f56bfc062723c751e8b465ee728b)
Start importing Assets/Resources/FF New Assets/BackgroundAssets/CoinsBuy.png using Guid(39b163382d4bedc498ac66d64ce4a5a3) Importer(815301076,1909f56bfc062723c751e8b465ee728b)  -> (artifact id: 'b4da6fd0cd7b148d38e40758d87a16ea') in 0.005129 seconds
Number of updated asset objects reloaded before import = 0
Number of asset objects unloaded after import = 2
========================================================================
Received Import Request.
  Time since last request: 0.006447 seconds.
  path: Assets/Resources/FF New Assets/BackgroundAssets/Controls.png
  artifactKey: Guid(6c882beeb1a83df40b69d7e6936d6a79) Importer(815301076,1909f56bfc062723c751e8b465ee728b)
Start importing Assets/Resources/FF New Assets/BackgroundAssets/Controls.png using Guid(6c882beeb1a83df40b69d7e6936d6a79) Importer(815301076,1909f56bfc062723c751e8b465ee728b)  -> (artifact id: 'd0b164c4172ab77a666d1eb139f0f2a9') in 0.005810 seconds
Number of updated asset objects reloaded before import = 0
Number of asset objects unloaded after import = 2
========================================================================
Received Import Request.
  Time since last request: 0.000016 seconds.
  path: Assets/Resources/FF New Assets/BackgroundAssets/GradientBottom.png
  artifactKey: Guid(8677d59ffceb4fe44a41b88c9a8425b4) Importer(815301076,1909f56bfc062723c751e8b465ee728b)
Start importing Assets/Resources/FF New Assets/BackgroundAssets/GradientBottom.png using Guid(8677d59ffceb4fe44a41b88c9a8425b4) Importer(815301076,1909f56bfc062723c751e8b465ee728b)  -> (artifact id: '93e4a5f4fc458460fdb042eebd0b57ae') in 0.007837 seconds
Number of updated asset objects reloaded before import = 0
Number of asset objects unloaded after import = 2
========================================================================
Received Import Request.
  Time since last request: 0.000024 seconds.
  path: Assets/Resources/FF New Assets/BackgroundAssets/GradientTop.png
  artifactKey: Guid(ae3b153f25980d343902469c295a7dd7) Importer(815301076,1909f56bfc062723c751e8b465ee728b)
Start importing Assets/Resources/FF New Assets/BackgroundAssets/GradientTop.png using Guid(ae3b153f25980d343902469c295a7dd7) Importer(815301076,1909f56bfc062723c751e8b465ee728b)  -> (artifact id: '560bad2cff785786d6ca8f5d5097988c') in 0.006088 seconds
Number of updated asset objects reloaded before import = 0
Number of asset objects unloaded after import = 2
========================================================================
Received Import Request.
  Time since last request: 0.000013 seconds.
  path: Assets/Resources/FF New Assets/BackgroundAssets/high score .png
  artifactKey: Guid(f5bd25a78e7ae4b44a7ebc4bc13db272) Importer(815301076,1909f56bfc062723c751e8b465ee728b)
Start importing Assets/Resources/FF New Assets/BackgroundAssets/high score .png using Guid(f5bd25a78e7ae4b44a7ebc4bc13db272) Importer(815301076,1909f56bfc062723c751e8b465ee728b)  -> (artifact id: '6100f45333912aa5e9d608d8718c5d86') in 0.006334 seconds
Number of updated asset objects reloaded before import = 0
Number of asset objects unloaded after import = 2
========================================================================
Received Import Request.
  Time since last request: 0.000013 seconds.
  path: Assets/Resources/FF New Assets/BackgroundAssets/CoinOnSnow.png
  artifactKey: Guid(86c688dbc90a52c4f8b2d8fe41366b80) Importer(815301076,1909f56bfc062723c751e8b465ee728b)
Start importing Assets/Resources/FF New Assets/BackgroundAssets/CoinOnSnow.png using Guid(86c688dbc90a52c4f8b2d8fe41366b80) Importer(815301076,1909f56bfc062723c751e8b465ee728b)  -> (artifact id: '5768aabbb0329fbe8f4369c843d08cd2') in 0.002301 seconds
Number of updated asset objects reloaded before import = 0
Number of asset objects unloaded after import = 2
========================================================================
Received Import Request.
  Time since last request: 0.579437 seconds.
  path: Assets/Resources/FF New Assets/BackgroundAssets/IceSpike.png
  artifactKey: Guid(407d6ea587c688a4fbe0360e6ccb5d74) Importer(815301076,1909f56bfc062723c751e8b465ee728b)
Start importing Assets/Resources/FF New Assets/BackgroundAssets/IceSpike.png using Guid(407d6ea587c688a4fbe0360e6ccb5d74) Importer(815301076,1909f56bfc062723c751e8b465ee728b)  -> (artifact id: '2b1ba9aa411d4ea3c929491d49fdb429') in 0.003286 seconds
Number of updated asset objects reloaded before import = 0
Number of asset objects unloaded after import = 2
========================================================================
Received Import Request.
  Time since last request: 0.000020 seconds.
  path: Assets/Resources/FF New Assets/BackgroundAssets/NoAds.png
  artifactKey: Guid(ad1aa9ad12a7784489ff80c579ed6f2a) Importer(815301076,1909f56bfc062723c751e8b465ee728b)
Start importing Assets/Resources/FF New Assets/BackgroundAssets/NoAds.png using Guid(ad1aa9ad12a7784489ff80c579ed6f2a) Importer(815301076,1909f56bfc062723c751e8b465ee728b)  -> (artifact id: 'aa6d25571e8c8589655fe1955b68275b') in 0.011080 seconds
Number of updated asset objects reloaded before import = 0
Number of asset objects unloaded after import = 2
========================================================================
Received Import Request.
  Time since last request: 0.000023 seconds.
  path: Assets/Resources/FF New Assets/BackgroundAssets/IceSpikePlatform.png
  artifactKey: Guid(9a7836029066ea44ca6cada17ad9c3ef) Importer(815301076,1909f56bfc062723c751e8b465ee728b)
Start importing Assets/Resources/FF New Assets/BackgroundAssets/IceSpikePlatform.png using Guid(9a7836029066ea44ca6cada17ad9c3ef) Importer(815301076,1909f56bfc062723c751e8b465ee728b)  -> (artifact id: '9786e57bce77333f79d57869bf858b1f') in 0.003459 seconds
Number of updated asset objects reloaded before import = 0
Number of asset objects unloaded after import = 2
========================================================================
Received Import Request.
  Time since last request: 0.000014 seconds.
  path: Assets/Resources/FF New Assets/BackgroundAssets/Platform.png
  artifactKey: Guid(18122abf4bda12647ad9aee21d19f61c) Importer(815301076,1909f56bfc062723c751e8b465ee728b)
Start importing Assets/Resources/FF New Assets/BackgroundAssets/Platform.png using Guid(18122abf4bda12647ad9aee21d19f61c) Importer(815301076,1909f56bfc062723c751e8b465ee728b)  -> (artifact id: '6f80f70cbc4cbeb9b462bf0c2f8bef12') in 0.007842 seconds
Number of updated asset objects reloaded before import = 0
Number of asset objects unloaded after import = 2
========================================================================
Received Import Request.
  Time since last request: 2.189398 seconds.
  path: Assets/Resources/FF New Assets/BackgroundAssets/PlatformBreak3.png
  artifactKey: Guid(d0479e4c71692e54898439252c55d8ad) Importer(815301076,1909f56bfc062723c751e8b465ee728b)
Start importing Assets/Resources/FF New Assets/BackgroundAssets/PlatformBreak3.png using Guid(d0479e4c71692e54898439252c55d8ad) Importer(815301076,1909f56bfc062723c751e8b465ee728b)  -> (artifact id: 'aed23e79d23c52c357f93504f683ba52') in 0.005509 seconds
Number of updated asset objects reloaded before import = 0
Number of asset objects unloaded after import = 2
========================================================================
Received Import Request.
  Time since last request: 0.000030 seconds.
  path: Assets/Resources/FF New Assets/BackgroundAssets/PlatformBreak5.png
  artifactKey: Guid(ca6e15ffcf3c09e48b03b47c7a8d9717) Importer(815301076,1909f56bfc062723c751e8b465ee728b)
Start importing Assets/Resources/FF New Assets/BackgroundAssets/PlatformBreak5.png using Guid(ca6e15ffcf3c09e48b03b47c7a8d9717) Importer(815301076,1909f56bfc062723c751e8b465ee728b)  -> (artifact id: 'f9047fc6a96f839f7706fbc812c96a68') in 0.007353 seconds
Number of updated asset objects reloaded before import = 0
Number of asset objects unloaded after import = 2
========================================================================
Received Import Request.
  Time since last request: 0.926890 seconds.
  path: Assets/Resources/FF New Assets/BackgroundAssets/PlatformPowerUp.png
  artifactKey: Guid(7d6aaddf60692d94b8404f75be693afa) Importer(815301076,1909f56bfc062723c751e8b465ee728b)
Start importing Assets/Resources/FF New Assets/BackgroundAssets/PlatformPowerUp.png using Guid(7d6aaddf60692d94b8404f75be693afa) Importer(815301076,1909f56bfc062723c751e8b465ee728b)  -> (artifact id: '2d50b62b4e14a453ee7165ac97e53534') in 0.008724 seconds
Number of updated asset objects reloaded before import = 0
Number of asset objects unloaded after import = 2
========================================================================
Received Import Request.
  Time since last request: 0.000020 seconds.
  path: Assets/Resources/FF New Assets/BackgroundAssets/PowerUpRule.png
  artifactKey: Guid(f59c305109280d042a47a2ae137c6d41) Importer(815301076,1909f56bfc062723c751e8b465ee728b)
Start importing Assets/Resources/FF New Assets/BackgroundAssets/PowerUpRule.png using Guid(f59c305109280d042a47a2ae137c6d41) Importer(815301076,1909f56bfc062723c751e8b465ee728b)  -> (artifact id: '874ccd1040eb2c3752e5160d0bb25afc') in 0.004541 seconds
Number of updated asset objects reloaded before import = 0
Number of asset objects unloaded after import = 2
========================================================================
Received Import Request.
  Time since last request: 0.000014 seconds.
  path: Assets/Resources/FF New Assets/BackgroundAssets/PLAY.png
  artifactKey: Guid(ad2a43f95ccbbc74eacc16632adb2fff) Importer(815301076,1909f56bfc062723c751e8b465ee728b)
Start importing Assets/Resources/FF New Assets/BackgroundAssets/PLAY.png using Guid(ad2a43f95ccbbc74eacc16632adb2fff) Importer(815301076,1909f56bfc062723c751e8b465ee728b)  -> (artifact id: 'ed22944b81e336e1d69c6309baf19c4d') in 0.009005 seconds
Number of updated asset objects reloaded before import = 0
Number of asset objects unloaded after import = 2
========================================================================
Received Import Request.
  Time since last request: 0.022570 seconds.
  path: Assets/Resources/FF New Assets/BackgroundAssets/RulesOnSnow.png
  artifactKey: Guid(766fc0545b2d5cc439fc372a839bf77d) Importer(815301076,1909f56bfc062723c751e8b465ee728b)
Start importing Assets/Resources/FF New Assets/BackgroundAssets/RulesOnSnow.png using Guid(766fc0545b2d5cc439fc372a839bf77d) Importer(815301076,1909f56bfc062723c751e8b465ee728b)  -> (artifact id: '48ba6a8a80d4593e6fc66c280686e8d9') in 0.006312 seconds
Number of updated asset objects reloaded before import = 0
Number of asset objects unloaded after import = 2
========================================================================
Received Import Request.
  Time since last request: 0.000014 seconds.
  path: Assets/Resources/FF New Assets/BackgroundAssets/ShieldPowerUp.png
  artifactKey: Guid(402820fd6fceeee4794f6afa6a93910a) Importer(815301076,1909f56bfc062723c751e8b465ee728b)
Start importing Assets/Resources/FF New Assets/BackgroundAssets/ShieldPowerUp.png using Guid(402820fd6fceeee4794f6afa6a93910a) Importer(815301076,1909f56bfc062723c751e8b465ee728b)  -> (artifact id: '939f56f2865d207c6e0701a25c68440a') in 0.011569 seconds
Number of updated asset objects reloaded before import = 0
Number of asset objects unloaded after import = 2
========================================================================
Received Import Request.
  Time since last request: 0.331802 seconds.
  path: Assets/Resources/FF New Assets/BackgroundAssets/SingleTree.png
  artifactKey: Guid(c01169688d3e23c448ea43ec0eadfc7d) Importer(815301076,1909f56bfc062723c751e8b465ee728b)
Start importing Assets/Resources/FF New Assets/BackgroundAssets/SingleTree.png using Guid(c01169688d3e23c448ea43ec0eadfc7d) Importer(815301076,1909f56bfc062723c751e8b465ee728b)  -> (artifact id: 'de1357b05fcb5bd8cde7f07c8bd73678') in 0.022686 seconds
Number of updated asset objects reloaded before import = 0
Number of asset objects unloaded after import = 2
========================================================================
Received Import Request.
  Time since last request: 0.051445 seconds.
  path: Assets/Resources/FF New Assets/BackgroundAssets/SnowflakeWarningYellow.png
  artifactKey: Guid(ee320a33938827b45b68a096c1483b99) Importer(815301076,1909f56bfc062723c751e8b465ee728b)
Start importing Assets/Resources/FF New Assets/BackgroundAssets/SnowflakeWarningYellow.png using Guid(ee320a33938827b45b68a096c1483b99) Importer(815301076,1909f56bfc062723c751e8b465ee728b)  -> (artifact id: '9713e92395291065a8cf9cebd62c2fb0') in 0.007513 seconds
Number of updated asset objects reloaded before import = 0
Number of asset objects unloaded after import = 2
========================================================================
Received Import Request.
  Time since last request: 0.429827 seconds.
  path: Assets/Resources/FF New Assets/BackgroundAssets/WindParticle1.png
  artifactKey: Guid(f8b764b9e8030ed4d8f12a69ed95e156) Importer(815301076,1909f56bfc062723c751e8b465ee728b)
Start importing Assets/Resources/FF New Assets/BackgroundAssets/WindParticle1.png using Guid(f8b764b9e8030ed4d8f12a69ed95e156) Importer(815301076,1909f56bfc062723c751e8b465ee728b)  -> (artifact id: '587d90f68e1a5edac50a80f058340dd3') in 0.001881 seconds
Number of updated asset objects reloaded before import = 0
Number of asset objects unloaded after import = 2
========================================================================
Received Import Request.
  Time since last request: 13.115672 seconds.
  path: Assets/Materials/PowerUPShader.shadergraph
  artifactKey: Guid(a915def87f0e20a4b8290dc24fb2300f) Importer(815301076,1909f56bfc062723c751e8b465ee728b)
Start importing Assets/Materials/PowerUPShader.shadergraph using Guid(a915def87f0e20a4b8290dc24fb2300f) Importer(815301076,1909f56bfc062723c751e8b465ee728b)  -> (artifact id: '866e87b93d44fe1cb3905e5637f9a087') in 0.002094 seconds
Number of updated asset objects reloaded before import = 0
Number of asset objects unloaded after import = 2
========================================================================
Received Import Request.
  Time since last request: 0.000013 seconds.
  path: Assets/Resources/PowerUP(Slow-Mo).png
  artifactKey: Guid(dd6c8b27beb41304b82cc1c007c0a488) Importer(815301076,1909f56bfc062723c751e8b465ee728b)
Start importing Assets/Resources/PowerUP(Slow-Mo).png using Guid(dd6c8b27beb41304b82cc1c007c0a488) Importer(815301076,1909f56bfc062723c751e8b465ee728b)  -> (artifact id: '1a74538a76b966bfa4b2ad8303f77822') in 0.001206 seconds
Number of updated asset objects reloaded before import = 0
Number of asset objects unloaded after import = 2
Editor requested this worker to shutdown with reason: Scaling down because of idle timeout
TcpMessagingSession - receive error: operation aborted. errorcode: 995, details: The I/O operation has been aborted because of either a thread exit or an application request.
AssetImportWorker is now disconnected from the server
Process exiting
Exiting without the bug reporter. Application will terminate with return code 0